<?xml version="1.0" encoding="UTF-8"?>
<testng-results ignored="0" total="1" passed="1" failed="0" skipped="0">
  <reporter-output>
  </reporter-output>
  <suite started-at="2026-03-02T10:32:35Z" name="Default suite" finished-at="2026-03-02T10:32:35Z" duration-ms="91">
    <groups>
    </groups>
    <test started-at="2026-03-02T10:32:35Z" name="Default test" finished-at="2026-03-02T10:32:35Z" duration-ms="91">
      <class name="webdemo.DemoWebShop">
        <test-method signature="getorder()[pri:0, instance:webdemo.DemoWebShop@4a8355dd]" started-at="2026-03-02T10:32:35Z" name="getorder" finished-at="2026-03-02T10:32:35Z" duration-ms="39" status="PASS">
          <reporter-output>
          </reporter-output>
        </test-method> <!-- getorder -->
      </class> <!-- webdemo.DemoWebShop -->
    </test> <!-- Default test -->
  </suite> <!-- Default suite -->
</testng-results>
